<?xml version="1.0" encoding="UTF-8"?>
<!-- Generated by org.testng.reporters.JUnitReportReporter -->
<testsuite hostname="DESKTOP-PEV64MN" failures="0" tests="1" name="TestCases.HomePageTest" time="3.479" errors="0" timestamp="11 Jul 2023 14:14:57 GMT" skipped="0">
  <testcase classname="TestCases.HomePageTest" name="test3" time="3.479"/>
</testsuite> <!-- TestCases.HomePageTest -->
