<?xml version="1.0" encoding="UTF-8"?>
<!-- Generated by org.testng.reporters.JUnitReportReporter -->
<testsuite hostname="DESKTOP-PEV64MN" failures="0" tests="3" name="TestCases.LoginTest" time="44.098" errors="0" timestamp="12 Jul 2023 17:01:44 GMT" skipped="0">
  <testcase classname="TestCases.LoginTest" name="test2" time="15.590"/>
  <testcase classname="TestCases.LoginTest" name="test4" time="14.409"/>
  <testcase classname="TestCases.LoginTest" name="test1" time="14.099"/>
</testsuite> <!-- TestCases.LoginTest -->
