<?xml version="1.0" encoding="UTF-8"?>
<!-- Generated by org.testng.reporters.JUnitReportReporter -->
<testsuite skipped="0" hostname="DESKTOP-PEV64MN" name="TestCases.LoginTest" tests="3" failures="0" timestamp="25 Jul 2023 16:56:30 GMT" time="50.695" errors="0">
  <testcase name="test4" time="18.544" classname="TestCases.LoginTest"/>
  <testcase name="test2" time="14.112" classname="TestCases.LoginTest"/>
  <testcase name="test1" time="18.039" classname="TestCases.LoginTest"/>
</testsuite> <!-- TestCases.LoginTest -->
